[2025-11-15 08:41:17] Script started
[2025-11-15 08:41:17] [update.php:22] Session data: Array
(
    [user_id] => 1
    [username] => admin
    [email] => admin@urbanthrift.com
    [role] => admin
    [success] => ✅ Product updated successfully!
)

[2025-11-15 08:41:21] Script started
[2025-11-15 08:41:21] [update.php:22] Session data: Array
(
    [user_id] => 1
    [username] => admin
    [email] => admin@urbanthrift.com
    [role] => admin
    [success] => ✅ Product updated successfully!
)

[2025-11-15 08:41:21] [update.php:62] === FORM SUBMITTED ===
[2025-11-15 08:41:21] [update.php:63] POST data: Array
(
    [debug] => 1
    [name] => TestAgain
    [brand] => Nice
    [category] => T-shirt
    [size] => 20
    [price] => 1005.00
    [stock] => 20
    [condition_type] => Slightly Used
    [supplier_id] => 2
)

[2025-11-15 08:41:21] [update.php:64] FILES data: Array
(
    [image] => Array
        (
            [name] => 
            [full_path] => 
            [type] => 
            [tmp_name] => 
            [error] => 4
            [size] => 0
        )

)

[2025-11-15 08:41:21] [update.php:67] Current directory: C:\xampp\htdocs\projectIManagement\public\admin\products
[2025-11-15 08:41:21] [update.php:68] Upload directory exists: Yes
[2025-11-15 08:41:21] [update.php:69] Upload directory writable: Yes
[2025-11-15 08:41:21] [update.php:164] Preparing query: UPDATE products SET 
                name = ?,
                brand = ?,
                category = ?,
                size = ?,
                price = ?,
                stock = ?,
                condition_type = ?,
                image = ?,
                supplier_id = ?
                WHERE id = ?
[2025-11-15 08:41:21] [update.php:209] ✅ Product updated successfully!
[2025-11-15 08:42:21] Script started
[2025-11-15 08:42:21] [update.php:22] Session data: Array
(
    [user_id] => 1
    [username] => admin
    [email] => admin@urbanthrift.com
    [role] => admin
    [success] => ✅ Product updated successfully!
)

[2025-11-15 08:42:24] Script started
[2025-11-15 08:42:24] [update.php:22] Session data: Array
(
    [user_id] => 1
    [username] => admin
    [email] => admin@urbanthrift.com
    [role] => admin
    [success] => ✅ Product updated successfully!
)

[2025-11-15 08:42:24] [update.php:62] === FORM SUBMITTED ===
[2025-11-15 08:42:24] [update.php:63] POST data: Array
(
    [debug] => 1
    [name] => TestAgain
    [brand] => Nice
    [category] => T-shirt
    [size] => 20
    [price] => 1005.00
    [stock] => 20
    [condition_type] => Slightly Used
    [supplier_id] => 
)

[2025-11-15 08:42:24] [update.php:64] FILES data: Array
(
    [image] => Array
        (
            [name] => 
            [full_path] => 
            [type] => 
            [tmp_name] => 
            [error] => 4
            [size] => 0
        )

)

[2025-11-15 08:42:24] [update.php:67] Current directory: C:\xampp\htdocs\projectIManagement\public\admin\products
[2025-11-15 08:42:24] [update.php:68] Upload directory exists: Yes
[2025-11-15 08:42:24] [update.php:69] Upload directory writable: Yes
[2025-11-15 08:42:24] [update.php:164] Preparing query: UPDATE products SET 
                name = ?,
                brand = ?,
                category = ?,
                size = ?,
                price = ?,
                stock = ?,
                condition_type = ?,
                image = ?,
                supplier_id = ?
                WHERE id = ?
[2025-11-15 08:42:24] [update.php:209] ✅ Product updated successfully!
[2025-11-15 08:42:27] Script started
[2025-11-15 08:42:27] [update.php:22] Session data: Array
(
    [user_id] => 1
    [username] => admin
    [email] => admin@urbanthrift.com
    [role] => admin
)

[2025-11-15 08:42:30] Script started
[2025-11-15 08:42:30] [update.php:22] Session data: Array
(
    [user_id] => 1
    [username] => admin
    [email] => admin@urbanthrift.com
    [role] => admin
)

[2025-11-15 08:42:30] [update.php:62] === FORM SUBMITTED ===
[2025-11-15 08:42:30] [update.php:63] POST data: Array
(
    [debug] => 1
    [name] => TestAgain
    [brand] => Nice
    [category] => T-shirt
    [size] => 20
    [price] => 1005.00
    [stock] => 20
    [condition_type] => Slightly Used
    [supplier_id] => 2
)

[2025-11-15 08:42:30] [update.php:64] FILES data: Array
(
    [image] => Array
        (
            [name] => 
            [full_path] => 
            [type] => 
            [tmp_name] => 
            [error] => 4
            [size] => 0
        )

)

[2025-11-15 08:42:30] [update.php:67] Current directory: C:\xampp\htdocs\projectIManagement\public\admin\products
[2025-11-15 08:42:30] [update.php:68] Upload directory exists: Yes
[2025-11-15 08:42:30] [update.php:69] Upload directory writable: Yes
[2025-11-15 08:42:30] [update.php:164] Preparing query: UPDATE products SET 
                name = ?,
                brand = ?,
                category = ?,
                size = ?,
                price = ?,
                stock = ?,
                condition_type = ?,
                image = ?,
                supplier_id = ?
                WHERE id = ?
[2025-11-15 08:42:30] [update.php:209] ✅ Product updated successfully!
[2025-11-15 08:42:33] Script started
[2025-11-15 08:42:33] [update.php:22] Session data: Array
(
    [user_id] => 1
    [username] => admin
    [email] => admin@urbanthrift.com
    [role] => admin
)

[2025-11-15 08:42:37] Script started
[2025-11-15 08:42:37] [update.php:22] Session data: Array
(
    [user_id] => 1
    [username] => admin
    [email] => admin@urbanthrift.com
    [role] => admin
)

[2025-11-15 08:42:37] [update.php:62] === FORM SUBMITTED ===
[2025-11-15 08:42:37] [update.php:63] POST data: Array
(
    [debug] => 1
    [name] => TestAgain
    [brand] => nike
    [category] => T-shirt
    [size] => 20
    [price] => 1005.00
    [stock] => 20
    [condition_type] => Slightly Used
    [supplier_id] => 2
)

[2025-11-15 08:42:37] [update.php:64] FILES data: Array
(
    [image] => Array
        (
            [name] => 
            [full_path] => 
            [type] => 
            [tmp_name] => 
            [error] => 4
            [size] => 0
        )

)

[2025-11-15 08:42:37] [update.php:67] Current directory: C:\xampp\htdocs\projectIManagement\public\admin\products
[2025-11-15 08:42:37] [update.php:68] Upload directory exists: Yes
[2025-11-15 08:42:37] [update.php:69] Upload directory writable: Yes
[2025-11-15 08:42:37] [update.php:164] Preparing query: UPDATE products SET 
                name = ?,
                brand = ?,
                category = ?,
                size = ?,
                price = ?,
                stock = ?,
                condition_type = ?,
                image = ?,
                supplier_id = ?
                WHERE id = ?
[2025-11-15 08:42:37] [update.php:209] ✅ Product updated successfully!
[2025-11-15 08:44:04] Script started
[2025-11-15 08:44:04] [update.php:22] Session data: Array
(
    [user_id] => 1
    [username] => admin
    [email] => admin@urbanthrift.com
    [role] => admin
)

[2025-11-15 08:44:07] Script started
[2025-11-15 08:44:07] [update.php:22] Session data: Array
(
    [user_id] => 1
    [username] => admin
    [email] => admin@urbanthrift.com
    [role] => admin
)

[2025-11-15 08:44:07] [update.php:68] === FORM SUBMITTED ===
[2025-11-15 08:44:07] [update.php:69] POST data: Array
(
    [debug] => 1
    [name] => TestAgain
    [brand] => nike
    [category] => T-shirt
    [size] => 20
    [price] => 1005.00
    [stock] => 20
    [condition_type] => Slightly Used
    [supplier_id] => 2
)

[2025-11-15 08:44:07] [update.php:70] FILES data: Array
(
    [image] => Array
        (
            [name] => 
            [full_path] => 
            [type] => 
            [tmp_name] => 
            [error] => 4
            [size] => 0
        )

)

[2025-11-15 08:44:07] [update.php:73] Current directory: C:\xampp\htdocs\projectIManagement\public\admin\products
[2025-11-15 08:44:07] [update.php:74] Upload directory exists: Yes
[2025-11-15 08:44:07] [update.php:75] Upload directory writable: Yes
[2025-11-15 08:44:07] [update.php:170] Preparing query: UPDATE products SET 
                name = ?,
                brand = ?,
                category = ?,
                size = ?,
                price = ?,
                stock = ?,
                condition_type = ?,
                image = ?,
                supplier_id = ?
                WHERE id = ?
[2025-11-15 08:44:07] [update.php:215] ✅ Product updated successfully!
[2025-11-15 08:44:53] Script started
[2025-11-15 08:44:53] [update.php:22] Session data: Array
(
    [user_id] => 1
    [username] => admin
    [email] => admin@urbanthrift.com
    [role] => admin
)

[2025-11-15 08:44:56] Script started
[2025-11-15 08:44:56] [update.php:22] Session data: Array
(
    [user_id] => 1
    [username] => admin
    [email] => admin@urbanthrift.com
    [role] => admin
)

[2025-11-15 08:44:56] [update.php:68] === FORM SUBMITTED ===
[2025-11-15 08:44:56] [update.php:69] POST data: Array
(
    [debug] => 1
    [name] => TestAgain
    [brand] => nike
    [category] => T-shirt
    [size] => 20
    [price] => 1005.00
    [stock] => 20
    [condition_type] => Slightly Used
    [supplier_id] => 2
)

[2025-11-15 08:44:56] [update.php:70] FILES data: Array
(
    [image] => Array
        (
            [name] => 
            [full_path] => 
            [type] => 
            [tmp_name] => 
            [error] => 4
            [size] => 0
        )

)

[2025-11-15 08:44:56] [update.php:73] Current directory: C:\xampp\htdocs\projectIManagement\public\admin\products
[2025-11-15 08:44:56] [update.php:74] Upload directory exists: Yes
[2025-11-15 08:44:56] [update.php:75] Upload directory writable: Yes
[2025-11-15 08:44:56] [update.php:170] Preparing query: UPDATE products SET 
                name = ?,
                brand = ?,
                category = ?,
                size = ?,
                price = ?,
                stock = ?,
                condition_type = ?,
                image = ?,
                supplier_id = ?
                WHERE id = ?
[2025-11-15 08:44:56] [update.php:246] ✅ Product updated successfully!
[2025-11-15 08:44:59] Script started
[2025-11-15 08:44:59] [update.php:22] Session data: Array
(
    [user_id] => 1
    [username] => admin
    [email] => admin@urbanthrift.com
    [role] => admin
)

[2025-11-15 08:45:05] Script started
[2025-11-15 08:45:05] [update.php:22] Session data: Array
(
    [user_id] => 1
    [username] => admin
    [email] => admin@urbanthrift.com
    [role] => admin
)

[2025-11-15 08:45:05] [update.php:68] === FORM SUBMITTED ===
[2025-11-15 08:45:05] [update.php:69] POST data: Array
(
    [debug] => 1
    [name] => TestAgain
    [brand] => nike
    [category] => T-shirt
    [size] => 20
    [price] => 1005.00
    [stock] => 19
    [condition_type] => Like New
    [supplier_id] => 2
)

[2025-11-15 08:45:05] [update.php:70] FILES data: Array
(
    [image] => Array
        (
            [name] => 
            [full_path] => 
            [type] => 
            [tmp_name] => 
            [error] => 4
            [size] => 0
        )

)

[2025-11-15 08:45:05] [update.php:73] Current directory: C:\xampp\htdocs\projectIManagement\public\admin\products
[2025-11-15 08:45:05] [update.php:74] Upload directory exists: Yes
[2025-11-15 08:45:05] [update.php:75] Upload directory writable: Yes
[2025-11-15 08:45:05] [update.php:170] Preparing query: UPDATE products SET 
                name = ?,
                brand = ?,
                category = ?,
                size = ?,
                price = ?,
                stock = ?,
                condition_type = ?,
                image = ?,
                supplier_id = ?
                WHERE id = ?
[2025-11-15 08:45:05] [update.php:246] ✅ Product updated successfully!
[2025-11-15 08:45:59] Script started
[2025-11-15 08:45:59] [update.php:22] Session data: Array
(
    [user_id] => 1
    [username] => admin
    [email] => admin@urbanthrift.com
    [role] => admin
)

[2025-11-15 08:46:02] Script started
[2025-11-15 08:46:02] [update.php:22] Session data: Array
(
    [user_id] => 1
    [username] => admin
    [email] => admin@urbanthrift.com
    [role] => admin
)

[2025-11-15 08:46:02] [update.php:68] === FORM SUBMITTED ===
[2025-11-15 08:46:02] [update.php:69] POST data: Array
(
    [debug] => 1
    [name] => TestAgain
    [brand] => nike
    [category] => T-shirt
    [size] => 20
    [price] => 1005.00
    [stock] => 19
    [condition_type] => Like New
    [supplier_id] => 1
)

[2025-11-15 08:46:02] [update.php:70] FILES data: Array
(
    [image] => Array
        (
            [name] => 
            [full_path] => 
            [type] => 
            [tmp_name] => 
            [error] => 4
            [size] => 0
        )

)

[2025-11-15 08:46:02] [update.php:73] Current directory: C:\xampp\htdocs\projectIManagement\public\admin\products
[2025-11-15 08:46:02] [update.php:74] Upload directory exists: Yes
[2025-11-15 08:46:02] [update.php:75] Upload directory writable: Yes
[2025-11-15 08:46:02] [update.php:170] Preparing query: UPDATE products SET 
                name = ?,
                brand = ?,
                category = ?,
                size = ?,
                price = ?,
                stock = ?,
                condition_type = ?,
                image = ?,
                supplier_id = ?
                WHERE id = ?
[2025-11-15 08:46:02] [update.php:246] ✅ Product updated successfully!
[2025-11-15 08:46:05] Script started
[2025-11-15 08:46:05] [update.php:22] Session data: Array
(
    [user_id] => 1
    [username] => admin
    [email] => admin@urbanthrift.com
    [role] => admin
)

[2025-11-15 08:46:08] Script started
[2025-11-15 08:46:08] [update.php:22] Session data: Array
(
    [user_id] => 1
    [username] => admin
    [email] => admin@urbanthrift.com
    [role] => admin
)

[2025-11-15 08:46:08] [update.php:68] === FORM SUBMITTED ===
[2025-11-15 08:46:08] [update.php:69] POST data: Array
(
    [debug] => 1
    [name] => TestAgain
    [brand] => nike
    [category] => T-shirt
    [size] => 20
    [price] => 1005.00
    [stock] => 19
    [condition_type] => Like New
    [supplier_id] => 2
)

[2025-11-15 08:46:08] [update.php:70] FILES data: Array
(
    [image] => Array
        (
            [name] => 
            [full_path] => 
            [type] => 
            [tmp_name] => 
            [error] => 4
            [size] => 0
        )

)

[2025-11-15 08:46:08] [update.php:73] Current directory: C:\xampp\htdocs\projectIManagement\public\admin\products
[2025-11-15 08:46:08] [update.php:74] Upload directory exists: Yes
[2025-11-15 08:46:08] [update.php:75] Upload directory writable: Yes
[2025-11-15 08:46:08] [update.php:170] Preparing query: UPDATE products SET 
                name = ?,
                brand = ?,
                category = ?,
                size = ?,
                price = ?,
                stock = ?,
                condition_type = ?,
                image = ?,
                supplier_id = ?
                WHERE id = ?
[2025-11-15 08:46:08] [update.php:246] ✅ Product updated successfully!
[2025-11-15 08:46:26] Script started
[2025-11-15 08:46:26] [update.php:22] Session data: Array
(
    [user_id] => 1
    [username] => admin
    [email] => admin@urbanthrift.com
    [role] => admin
)

[2025-11-15 08:46:35] Script started
[2025-11-15 08:46:35] [update.php:22] Session data: Array
(
    [user_id] => 1
    [username] => admin
    [email] => admin@urbanthrift.com
    [role] => admin
)

[2025-11-15 08:46:35] [update.php:68] === FORM SUBMITTED ===
[2025-11-15 08:46:35] [update.php:69] POST data: Array
(
    [debug] => 1
    [name] => TestAgain
    [brand] => Nice
    [category] => T-shirt
    [size] => 20
    [price] => 1005.00
    [stock] => 20
    [condition_type] => Like New
    [supplier_id] => 2
)

[2025-11-15 08:46:35] [update.php:70] FILES data: Array
(
    [image] => Array
        (
            [name] => kazuha.jpg
            [full_path] => kazuha.jpg
            [type] => image/jpeg
            [tmp_name] => C:\xampp\tmp\php4436.tmp
            [error] => 0
            [size] => 17482
        )

)

[2025-11-15 08:46:35] [update.php:73] Current directory: C:\xampp\htdocs\projectIManagement\public\admin\products
[2025-11-15 08:46:35] [update.php:74] Upload directory exists: Yes
[2025-11-15 08:46:35] [update.php:75] Upload directory writable: Yes
[2025-11-15 08:46:35] [update.php:170] Preparing query: UPDATE products SET 
                name = ?,
                brand = ?,
                category = ?,
                size = ?,
                price = ?,
                stock = ?,
                condition_type = ?,
                image = ?,
                supplier_id = ?
                WHERE id = ?
[2025-11-15 08:46:35] [update.php:246] ✅ Product updated successfully!
[2025-11-15 09:00:31] Script started
[2025-11-15 09:00:31] [update.php:22] Session data: Array
(
    [user_id] => 1
    [username] => admin
    [email] => admin@urbanthrift.com
    [role] => admin
    [csrf_token] => e77fd3e8fe89e342181ef7ae03b6032dd85a5b04aefaba0bf86b6686f11809ff
)

[2025-11-19 13:19:04] Script started
[2025-11-19 13:19:04] [update.php:22] Session data: Array
(
    [user_id] => 1
    [username] => admin
    [email] => admin@urbanthrift.com
    [role] => admin
)

[2025-11-19 13:19:15] Script started
[2025-11-19 13:19:15] [update.php:22] Session data: Array
(
    [user_id] => 1
    [username] => admin
    [email] => admin@urbanthrift.com
    [role] => admin
)

[2025-11-19 13:19:15] [update.php:68] === FORM SUBMITTED ===
[2025-11-19 13:19:15] [update.php:69] POST data: Array
(
    [debug] => 1
    [name] => TestAgain
    [brand] => Nice
    [category] => T-shirt
    [size] => 2
    [price] => 100.00
    [stock] => 2
    [condition_type] => Like New
    [supplier_id] => 1
)

[2025-11-19 13:19:15] [update.php:70] FILES data: Array
(
    [image] => Array
        (
            [name] => Huawei.png
            [full_path] => Huawei.png
            [type] => image/png
            [tmp_name] => C:\xampp\tmp\phpBCB0.tmp
            [error] => 0
            [size] => 5869
        )

)

[2025-11-19 13:19:15] [update.php:73] Current directory: C:\xampp\htdocs\IMprojFinal\public\admin\products
[2025-11-19 13:19:15] [update.php:74] Upload directory exists: Yes
[2025-11-19 13:19:15] [update.php:75] Upload directory writable: Yes
[2025-11-19 13:19:15] [update.php:170] Preparing query: UPDATE products SET 
                name = ?,
                brand = ?,
                category = ?,
                size = ?,
                price = ?,
                stock = ?,
                condition_type = ?,
                image = ?,
                supplier_id = ?
                WHERE id = ?
[2025-11-19 13:19:15] [update.php:246] ✅ Product updated successfully!
[2025-11-19 13:20:46] Script started
[2025-11-19 13:20:46] [update.php:22] Session data: Array
(
    [user_id] => 1
    [username] => admin
    [email] => admin@urbanthrift.com
    [role] => admin
)

[2025-11-19 13:21:01] Script started
[2025-11-19 13:21:01] [update.php:22] Session data: Array
(
    [user_id] => 1
    [username] => admin
    [email] => admin@urbanthrift.com
    [role] => admin
)

[2025-11-19 13:21:01] [update.php:68] === FORM SUBMITTED ===
[2025-11-19 13:21:01] [update.php:69] POST data: Array
(
    [debug] => 1
    [name] => TestAgain
    [brand] => Nice
    [category] => T-shirt
    [size] => 2
    [price] => 100.00
    [stock] => 2
    [condition_type] => Like New
    [supplier_id] => 1
)

[2025-11-19 13:21:01] [update.php:70] FILES data: Array
(
    [image] => Array
        (
            [name] => Xiaomi.png
            [full_path] => Xiaomi.png
            [type] => image/png
            [tmp_name] => C:\xampp\tmp\php5A54.tmp
            [error] => 0
            [size] => 2839
        )

)

[2025-11-19 13:21:01] [update.php:73] Current directory: C:\xampp\htdocs\IMprojFinal\public\admin\products
[2025-11-19 13:21:01] [update.php:74] Upload directory exists: Yes
[2025-11-19 13:21:01] [update.php:75] Upload directory writable: Yes
[2025-11-19 13:21:01] [update.php:176] Preparing query: UPDATE products SET 
                name = ?,
                brand = ?,
                category = ?,
                size = ?,
                price = ?,
                stock = ?,
                condition_type = ?,
                image = ?,
                supplier_id = ?
                WHERE id = ?
[2025-11-19 13:21:01] [update.php:252] ✅ Product updated successfully!
[2025-11-20 02:21:23] Script started
[2025-11-20 02:21:23] [update.php:22] Session data: Array
(
    [last_regeneration] => 1763601663
    [user_id] => 1
    [username] => admin
    [email] => admin@urbanthrift.com
    [role] => admin
)

[2025-11-20 02:21:40] Script started
[2025-11-20 02:21:40] [update.php:22] Session data: Array
(
    [last_regeneration] => 1763601663
    [user_id] => 1
    [username] => admin
    [email] => admin@urbanthrift.com
    [role] => admin
)

[2025-11-20 02:21:40] [update.php:68] === FORM SUBMITTED ===
[2025-11-20 02:21:40] [update.php:69] POST data: Array
(
    [debug] => 1
    [name] => TestAgain
    [brand] => Nice
    [category] => T-shirt
    [size] => 20
    [price] => 10000.00
    [stock] => 30
    [condition_type] => Like New
    [supplier_id] => 1
)

[2025-11-20 02:21:40] [update.php:70] FILES data: Array
(
    [image] => Array
        (
            [name] => 
            [full_path] => 
            [type] => 
            [tmp_name] => 
            [error] => 4
            [size] => 0
        )

)

[2025-11-20 02:21:40] [update.php:73] Current directory: C:\xampp\htdocs\IMprojFinal\public\admin\products
[2025-11-20 02:21:40] [update.php:74] Upload directory exists: Yes
[2025-11-20 02:21:40] [update.php:75] Upload directory writable: Yes
[2025-11-20 02:21:40] [update.php:176] Preparing query: UPDATE products SET 
                name = ?,
                brand = ?,
                category = ?,
                size = ?,
                price = ?,
                stock = ?,
                condition_type = ?,
                image = ?,
                supplier_id = ?
                WHERE id = ?
[2025-11-20 02:21:40] [update.php:252] ✅ Product updated successfully!
[2025-11-20 04:08:12] Script started
[2025-11-20 04:08:12] [update.php:20] Session data: Array
(
    [last_regeneration] => 1763601709
    [user_id] => 1
    [username] => admin
    [email] => admin@urbanthrift.com
    [role] => admin
)

[2025-11-20 04:08:36] Script started
[2025-11-20 04:08:36] [update.php:20] Session data: Array
(
    [last_regeneration] => 1763601709
    [user_id] => 1
    [username] => admin
    [email] => admin@urbanthrift.com
    [role] => admin
)

[2025-11-20 04:08:36] [update.php:61] === FORM SUBMITTED ===
[2025-11-20 04:08:36] [update.php:62] POST data: Array
(
    [debug] => 1
    [name] => Cardigan
    [brand] => UNIQLO
    [category] => Jacket
    [size] => Medium
    [price] => 1010.00
    [stock] => 20
    [condition_type] => Good
    [supplier_id] => 1
)

[2025-11-20 04:08:36] [update.php:63] FILES data: Array
(
    [image] => Array
        (
            [name] => gap-cap2.jpg
            [full_path] => gap-cap2.jpg
            [type] => image/jpeg
            [tmp_name] => C:\xampp\tmp\phpDBAF.tmp
            [error] => 0
            [size] => 110798
        )

)

[2025-11-20 04:08:36] [update.php:65] Current directory: C:\xampp\htdocs\IMprojFinal\public\admin\products
[2025-11-20 04:08:36] [update.php:66] Upload directory exists: Yes
[2025-11-20 04:08:36] [update.php:67] Upload directory writable: Yes
[2025-11-20 04:08:36] [update.php:145] Preparing query: UPDATE products SET 
                name = ?,
                brand = ?,
                category = ?,
                size = ?,
                price = ?,
                stock = ?,
                condition_type = ?,
                image = ?,
                supplier_id = ?
                WHERE id = ?
[2025-11-20 04:08:36] [update.php:211] ✅ Product updated successfully!
[2025-11-20 04:09:00] Script started
[2025-11-20 04:09:00] [update.php:20] Session data: Array
(
    [last_regeneration] => 1763601709
    [user_id] => 1
    [username] => admin
    [email] => admin@urbanthrift.com
    [role] => admin
)

[2025-11-20 04:09:05] Script started
[2025-11-20 04:09:05] [update.php:20] Session data: Array
(
    [last_regeneration] => 1763601709
    [user_id] => 1
    [username] => admin
    [email] => admin@urbanthrift.com
    [role] => admin
)

[2025-11-20 04:09:05] [update.php:61] === FORM SUBMITTED ===
[2025-11-20 04:09:05] [update.php:62] POST data: Array
(
    [debug] => 1
    [name] => Cardigan
    [brand] => UNIQLO
    [category] => Jacket
    [size] => Medium
    [price] => 1010.00
    [stock] => 20
    [condition_type] => Good
    [remove_image] => on
    [supplier_id] => 1
)

[2025-11-20 04:09:05] [update.php:63] FILES data: Array
(
    [image] => Array
        (
            [name] => 
            [full_path] => 
            [type] => 
            [tmp_name] => 
            [error] => 4
            [size] => 0
        )

)

[2025-11-20 04:09:05] [update.php:65] Current directory: C:\xampp\htdocs\IMprojFinal\public\admin\products
[2025-11-20 04:09:05] [update.php:66] Upload directory exists: Yes
[2025-11-20 04:09:05] [update.php:67] Upload directory writable: Yes
[2025-11-20 04:09:05] [update.php:145] Preparing query: UPDATE products SET 
                name = ?,
                brand = ?,
                category = ?,
                size = ?,
                price = ?,
                stock = ?,
                condition_type = ?,
                image = ?,
                supplier_id = ?
                WHERE id = ?
[2025-11-20 04:09:05] [update.php:211] ✅ Product updated successfully!
[2025-11-20 04:09:09] Script started
[2025-11-20 04:09:09] [update.php:20] Session data: Array
(
    [last_regeneration] => 1763601709
    [user_id] => 1
    [username] => admin
    [email] => admin@urbanthrift.com
    [role] => admin
)

[2025-11-20 04:09:22] Script started
[2025-11-20 04:09:22] [update.php:20] Session data: Array
(
    [last_regeneration] => 1763601709
    [user_id] => 1
    [username] => admin
    [email] => admin@urbanthrift.com
    [role] => admin
)

[2025-11-20 04:09:22] [update.php:61] === FORM SUBMITTED ===
[2025-11-20 04:09:22] [update.php:62] POST data: Array
(
    [debug] => 1
    [name] => Cardigan
    [brand] => UNIQLO
    [category] => Jacket
    [size] => Medium
    [price] => 1010.00
    [stock] => 20
    [condition_type] => Good
    [supplier_id] => 1
)

[2025-11-20 04:09:22] [update.php:63] FILES data: Array
(
    [image] => Array
        (
            [name] => cardigan-white.png
            [full_path] => cardigan-white.png
            [type] => image/png
            [tmp_name] => C:\xampp\tmp\php90E7.tmp
            [error] => 0
            [size] => 112815
        )

)

[2025-11-20 04:09:22] [update.php:65] Current directory: C:\xampp\htdocs\IMprojFinal\public\admin\products
[2025-11-20 04:09:22] [update.php:66] Upload directory exists: Yes
[2025-11-20 04:09:22] [update.php:67] Upload directory writable: Yes
[2025-11-20 04:09:22] [update.php:145] Preparing query: UPDATE products SET 
                name = ?,
                brand = ?,
                category = ?,
                size = ?,
                price = ?,
                stock = ?,
                condition_type = ?,
                image = ?,
                supplier_id = ?
                WHERE id = ?
[2025-11-20 04:09:22] [update.php:211] ✅ Product updated successfully!
[2025-11-20 04:14:48] Script started
[2025-11-20 04:14:48] [update.php:20] Session data: Array
(
    [last_regeneration] => 1763608460
    [user_id] => 1
    [username] => admin
    [email] => admin@urbanthrift.com
    [role] => admin
)

[2025-11-20 04:15:01] Script started
[2025-11-20 04:15:01] [update.php:20] Session data: Array
(
    [last_regeneration] => 1763608460
    [user_id] => 1
    [username] => admin
    [email] => admin@urbanthrift.com
    [role] => admin
)

[2025-11-20 04:15:01] [update.php:61] === FORM SUBMITTED ===
[2025-11-20 04:15:01] [update.php:62] POST data: Array
(
    [debug] => 1
    [name] => Cardigan
    [brand] => UNIQLO
    [category] => Jacket
    [size] => Medium
    [price] => 460
    [stock] => 20
    [condition_type] => Good
    [supplier_id] => 1
)

[2025-11-20 04:15:01] [update.php:63] FILES data: Array
(
    [image] => Array
        (
            [name] => 
            [full_path] => 
            [type] => 
            [tmp_name] => 
            [error] => 4
            [size] => 0
        )

)

[2025-11-20 04:15:01] [update.php:65] Current directory: C:\xampp\htdocs\IMprojFinal\public\admin\products
[2025-11-20 04:15:01] [update.php:66] Upload directory exists: Yes
[2025-11-20 04:15:01] [update.php:67] Upload directory writable: Yes
[2025-11-20 04:15:01] [update.php:145] Preparing query: UPDATE products SET 
                name = ?,
                brand = ?,
                category = ?,
                size = ?,
                price = ?,
                stock = ?,
                condition_type = ?,
                image = ?,
                supplier_id = ?
                WHERE id = ?
[2025-11-20 04:15:01] [update.php:211] ✅ Product updated successfully!
